<?xml version="1.0" encoding="UTF-8"?>
<coverage generated="1632596330291" clover="3.2.0">
  <project timestamp="1632596330292" name="All files">
    <metrics statements="38" coveredstatements="29" conditionals="26" coveredconditionals="7" methods="6" coveredmethods="6" elements="70" coveredelements="42" complexity="0" loc="38" ncloc="38" packages="3" files="5" classes="5"/>
    <package name="components">
      <metrics statements="19" coveredstatements="15" conditionals="9" coveredconditionals="5" methods="3" coveredmethods="3"/>
      <file name="HelloWorld.vue" path="/Users/mikecmy/Projects/interview/web-demo/src/components/HelloWorld.vue">
        <metrics statements="4" coveredstatements="4" conditionals="0" coveredconditionals="0" methods="1" coveredmethods="1"/>
        <line num="98" count="1" type="stmt"/>
        <line num="101" count="2" type="stmt"/>
        <line num="102" count="1" type="stmt"/>
        <line num="103" count="1" type="stmt"/>
      </file>
      <file name="Login.vue" path="/Users/mikecmy/Projects/interview/web-demo/src/components/Login.vue">
        <metrics statements="15" coveredstatements="11" conditionals="9" coveredconditionals="5" methods="2" coveredmethods="2"/>
        <line num="12" count="1" type="stmt"/>
        <line num="13" count="1" type="stmt"/>
        <line num="14" count="1" type="stmt"/>
        <line num="17" count="4" type="cond" truecount="3" falsecount="0"/>
        <line num="18" count="2" type="stmt"/>
        <line num="19" count="2" type="stmt"/>
        <line num="21" count="2" type="cond" truecount="2" falsecount="0"/>
        <line num="23" count="1" type="stmt"/>
        <line num="24" count="1" type="stmt"/>
        <line num="27" count="1" type="stmt"/>
        <line num="28" count="0" type="cond" truecount="0" falsecount="4"/>
        <line num="29" count="0" type="stmt"/>
        <line num="33" count="0" type="stmt"/>
        <line num="35" count="0" type="stmt"/>
        <line num="38" count="1" type="stmt"/>
      </file>
    </package>
    <package name="services">
      <metrics statements="16" coveredstatements="11" conditionals="15" coveredconditionals="0" methods="2" coveredmethods="2"/>
      <file name="AuthService.ts" path="/Users/mikecmy/Projects/interview/web-demo/src/services/AuthService.ts">
        <metrics statements="13" coveredstatements="8" conditionals="15" coveredconditionals="0" methods="2" coveredmethods="2"/>
        <line num="2" count="1" type="stmt"/>
        <line num="6" count="1" type="stmt"/>
        <line num="7" count="1" type="stmt"/>
        <line num="8" count="1" type="stmt"/>
        <line num="10" count="1" type="stmt"/>
        <line num="17" count="0" type="cond" truecount="0" falsecount="8"/>
        <line num="18" count="0" type="stmt"/>
        <line num="20" count="0" type="cond" truecount="0" falsecount="6"/>
        <line num="23" count="0" type="stmt"/>
        <line num="25" count="0" type="cond" truecount="0" falsecount="1"/>
        <line num="27" count="1" type="stmt"/>
        <line num="29" count="1" type="stmt"/>
        <line num="30" count="1" type="stmt"/>
      </file>
      <file name="_base_service.ts" path="/Users/mikecmy/Projects/interview/web-demo/src/services/_base_service.ts">
        <metrics statements="3" coveredstatements="3" conditionals="0" coveredconditionals="0" methods="0" coveredmethods="0"/>
        <line num="1" count="1" type="stmt"/>
        <line num="3" count="1" type="stmt"/>
        <line num="13" count="1" type="stmt"/>
      </file>
    </package>
    <package name="viewModels">
      <metrics statements="3" coveredstatements="3" conditionals="2" coveredconditionals="2" methods="1" coveredmethods="1"/>
      <file name="ResErrCode.ts" path="/Users/mikecmy/Projects/interview/web-demo/src/viewModels/ResErrCode.ts">
        <metrics statements="3" coveredstatements="3" conditionals="2" coveredconditionals="2" methods="1" coveredmethods="1"/>
        <line num="1" count="1" type="cond" truecount="2" falsecount="0"/>
        <line num="2" count="1" type="stmt"/>
        <line num="3" count="1" type="stmt"/>
      </file>
    </package>
  </project>
</coverage>
