TN:
SF:src/components/HelloWorld.vue
FN:101,(anonymous_1)
FNF:1
FNH:1
FNDA:2,(anonymous_1)
DA:98,1
DA:101,2
DA:102,1
DA:103,1
LF:4
LH:4
BRF:0
BRH:0
end_of_record
TN:
SF:src/components/Login.vue
FN:17,(anonymous_1)
FN:23,(anonymous_3)
FNF:2
FNH:2
FNDA:3,(anonymous_1)
FNDA:1,(anonymous_3)
DA:12,1
DA:13,1
DA:14,1
DA:17,4
DA:18,2
DA:19,2
DA:21,2
DA:23,1
DA:24,1
DA:27,1
DA:28,0
DA:29,0
DA:33,0
DA:35,0
DA:38,1
LF:15
LH:11
BRDA:17,0,0,2
BRDA:17,0,1,2
BRDA:17,0,2,2
BRDA:21,1,0,2
BRDA:21,1,1,2
BRDA:28,2,0,0
BRDA:28,2,1,0
BRDA:28,3,0,0
BRDA:28,3,1,0
BRF:9
BRH:5
end_of_record
TN:
SF:src/services/AuthService.ts
FN:6,(anonymous_0)
FN:7,(anonymous_2)
FNF:2
FNH:2
FNDA:2,(anonymous_0)
FNDA:1,(anonymous_2)
DA:2,1
DA:6,1
DA:7,1
DA:8,1
DA:10,1
DA:17,0
DA:18,0
DA:20,0
DA:23,0
DA:25,0
DA:27,1
DA:29,1
DA:30,1
LF:13
LH:8
BRDA:25,0,0,0
BRDA:17,1,0,0
BRDA:17,1,1,0
BRDA:17,2,0,0
BRDA:17,2,1,0
BRDA:17,3,0,0
BRDA:17,3,1,0
BRDA:17,4,0,0
BRDA:17,4,1,0
BRDA:20,5,0,0
BRDA:20,5,1,0
BRDA:20,6,0,0
BRDA:20,6,1,0
BRDA:20,7,0,0
BRDA:20,7,1,0
BRF:15
BRH:0
end_of_record
TN:
SF:src/services/_base_service.ts
FNF:0
FNH:0
DA:1,1
DA:3,1
DA:13,1
LF:3
LH:3
BRF:0
BRH:0
end_of_record
TN:
SF:src/viewModels/ResErrCode.ts
FN:1,(anonymous_0)
FNF:1
FNH:1
FNDA:1,(anonymous_0)
DA:1,1
DA:2,1
DA:3,1
LF:3
LH:3
BRDA:1,0,0,1
BRDA:1,0,1,1
BRF:2
BRH:2
end_of_record
